<?xml version="1.0" encoding="UTF-8"?>
<testsuite name="Gradle_ProjetoGC.LibraryTest" tests="1" skipped="0" failures="0" errors="0" timestamp="2021-08-08T15:49:45" hostname="e99e74e52871" time="0.06">
  <properties/>
  <testcase name="testSomeLibraryMethod" classname="Gradle_ProjetoGC.LibraryTest" time="0.06"/>
  <system-out><![CDATA[]]></system-out>
  <system-err><![CDATA[]]></system-err>
</testsuite>
